<?xml version="1.0" encoding="UTF-8"?>
<!-- Generated by org.testng.reporters.JUnitXMLReporter -->
<testsuite ignored="8" hostname="DESKTOP-KCFKTQ7" failures="0" tests="3" name="Default test" time="72.173" errors="0" timestamp="2020-05-16T21:08:56 CEST">
  <testcase classname="tests.LandingPageTest" name="loginBothFieldsValid" time="11.424"/>
  <testcase classname="tests.ProductPageTest" name="addingProducts" time="50.1"/>
  <testcase classname="tests.ProductPageTest" name="priceChange" time="10.62"/>
  <testcase classname="tests.LandingPageTest" name="loginBothFieldsInvalid" time="0.0">
    <ignored/>
  </testcase> <!-- loginBothFieldsInvalid -->
  <testcase classname="tests.LandingPageTest" name="loginBlankFields" time="0.0">
    <ignored/>
  </testcase> <!-- loginBlankFields -->
  <testcase classname="tests.BaseTest" name="@BeforeSuite beforeSuite" time="0.0">
    <ignored/>
  </testcase> <!-- @BeforeSuite beforeSuite -->
  <testcase classname="tests.BaseTest" name="@BeforeSuite beforeSuite" time="0.0">
    <ignored/>
  </testcase> <!-- @BeforeSuite beforeSuite -->
  <testcase classname="tests.LandingPageTest" name="loginFirstField" time="0.0">
    <ignored/>
  </testcase> <!-- loginFirstField -->
  <testcase classname="tests.LandingPageTest" name="loginSecondField" time="0.0">
    <ignored/>
  </testcase> <!-- loginSecondField -->
  <testcase classname="tests.BaseTest" name="@AfterSuite afterSuite" time="0.0">
    <ignored/>
  </testcase> <!-- @AfterSuite afterSuite -->
  <testcase classname="tests.BaseTest" name="@AfterSuite afterSuite" time="0.0">
    <ignored/>
  </testcase> <!-- @AfterSuite afterSuite -->
</testsuite> <!-- Default test -->
