<?xml version="1.0" encoding="UTF-8"?>
<!-- Generated by org.testng.reporters.JUnitXMLReporter -->
<testsuite ignored="6" hostname="DESKTOP-KCFKTQ7" failures="0" tests="3" name="Test" time="84.772" errors="0" timestamp="2020-05-11T01:29:26 CEST">
  <testcase classname="tests.LandingPageTest" name="loginBothFieldsValid" time="9.309"/>
  <testcase classname="tests.ProductPageTest" name="addingProducts" time="44.919"/>
  <testcase classname="tests.ProductPageTest" name="priceChange" time="30.512"/>
  <testcase classname="tests.LandingPageTest" name="loginBothFieldsInvalid" time="0.0">
    <ignored/>
  </testcase> <!-- loginBothFieldsInvalid -->
  <testcase classname="tests.LandingPageTest" name="loginBlankFields" time="0.0">
    <ignored/>
  </testcase> <!-- loginBlankFields -->
  <testcase classname="tests.BaseTest" name="@BeforeSuite beforeSuite" time="0.0">
    <ignored/>
  </testcase> <!-- @BeforeSuite beforeSuite -->
  <testcase classname="tests.LandingPageTest" name="loginFirstField" time="0.0">
    <ignored/>
  </testcase> <!-- loginFirstField -->
  <testcase classname="tests.LandingPageTest" name="loginSecondField" time="0.0">
    <ignored/>
  </testcase> <!-- loginSecondField -->
  <testcase classname="tests.BaseTest" name="@AfterSuite afterSuite" time="0.0">
    <ignored/>
  </testcase> <!-- @AfterSuite afterSuite -->
</testsuite> <!-- Test -->
