<?xml version="1.0" encoding="UTF-8"?>
<testsuite xmlns:xsi="http://www.w3.org/2001/XMLSchema-instance" xsi:noNamespaceSchemaLocation="https://maven.apache.org/surefire/maven-surefire-plugin/xsd/surefire-test-report-3.0.xsd" version="3.0" name="TestSuite" time="91.789" tests="3" errors="0" skipped="0" failures="0">
  <properties>
[...]
</properties>
  <testcase name="loginBothFieldsValid" classname="tests.LandingPageTest" time="9.311"/>
  <testcase name="addingProducts" classname="tests.ProductPageTest" time="44.918"/>
  <testcase name="priceChange" classname="tests.ProductPageTest" time="30.512"/>
</testsuite>