<?xml version="1.0" encoding="UTF-8"?>
<testng-results ignored="8" total="11" passed="3" failed="0" skipped="0">
  <reporter-output>
  </reporter-output>
  <suite started-at="2020-05-16T21:07:44 CEST" name="Default suite" finished-at="2020-05-16T21:08:56 CEST" duration-ms="72173">
    <groups>
    </groups>
    <test started-at="2020-05-16T21:07:44 CEST" name="Default test" finished-at="2020-05-16T21:08:56 CEST" duration-ms="72173">
      <class name="tests.LandingPageTest">
        <test-method is-config="true" signature="beforeSuite()[pri:0, instance:tests.LandingPageTest@49c386c8]" started-at="2020-05-16T21:07:39 CEST" name="beforeSuite" finished-at="2020-05-16T21:07:44 CEST" duration-ms="4997" status="PASS">
          <reporter-output>
          </reporter-output>
        </test-method> <!-- beforeSuite -->
        <test-method signature="loginBothFieldsValid()[pri:5, instance:tests.LandingPageTest@49c386c8]" started-at="2020-05-16T21:07:44 CEST" name="loginBothFieldsValid" finished-at="2020-05-16T21:07:55 CEST" duration-ms="11424" status="PASS">
          <reporter-output>
          </reporter-output>
        </test-method> <!-- loginBothFieldsValid -->
        <test-method is-config="true" signature="afterSuite()[pri:0, instance:tests.LandingPageTest@49c386c8]" started-at="2020-05-16T21:08:56 CEST" name="afterSuite" finished-at="2020-05-16T21:08:57 CEST" duration-ms="680" status="PASS">
          <reporter-output>
          </reporter-output>
        </test-method> <!-- afterSuite -->
      </class> <!-- tests.LandingPageTest -->
      <class name="tests.ProductPageTest">
        <test-method signature="addingProducts()[pri:6, instance:tests.ProductPageTest@56528192]" started-at="2020-05-16T21:07:55 CEST" name="addingProducts" finished-at="2020-05-16T21:08:45 CEST" duration-ms="50100" status="PASS">
          <reporter-output>
          </reporter-output>
        </test-method> <!-- addingProducts -->
        <test-method signature="priceChange()[pri:7, instance:tests.ProductPageTest@56528192]" started-at="2020-05-16T21:08:45 CEST" name="priceChange" finished-at="2020-05-16T21:08:56 CEST" duration-ms="10620" status="PASS">
          <reporter-output>
          </reporter-output>
        </test-method> <!-- priceChange -->
      </class> <!-- tests.ProductPageTest -->
    </test> <!-- Default test -->
  </suite> <!-- Default suite -->
</testng-results>
